V2.2 2025-1-8：
1、更新教程：添加接入homeassistant方法
2、配置页显示设备在线状态
3、加入代码页，方便复制代码
4、修改ping返回json数据

V2.1  2024-12-27：
1、更新教程
2、针对关机无法成功的，加入udp关机方式，需要电脑后台运行配套exe程序，使用方法查阅教程关机部分。已经可以正常关机的无需改动，使用netrpc方式即可
3、优化配置页，隐藏未开启功能的参数，加入查看教程和更新日志入口，加入网络唤醒和关机入口，可用于快速测试

V2.0  2024-12-24：
1、优化小问题，修改版本号，正式发布

V1.8  2024-12-23：
1、优化更新巴法云上的设备在线离线状态

V1.7  2024-12-22：
1、多架构平台支持

V1.6  2024-12-22：
1、修改关机实现方式

V1.5  2024-12-21：
1、加入changelog更新日志
2、web加入重启服务，无须手动重启容器（需设置容器--restart unless-stopped）
3、加入运行时长统计
